\BOOKMARK [0][-]{chapter.1}{\376\377\000I\000N\000T\000R\000O\000D\000U\000C\000T\000I\000O\000N}{}% 1
\BOOKMARK [1][-]{section.1.1}{\376\377\000O\000b\000j\000e\000c\000t\000i\000v\000e\000s}{chapter.1}% 2
\BOOKMARK [1][-]{section.1.2}{\376\377\000F\000a\000u\000l\000t\000s}{chapter.1}% 3
\BOOKMARK [1][-]{section.1.3}{\376\377\000B\000r\000i\000e\000f\000\040\000I\000m\000p\000o\000r\000t\000a\000n\000c\000e}{chapter.1}% 4
\BOOKMARK [0][-]{chapter.2}{\376\377\000M\000A\000T\000E\000R\000I\000A\000L\000S\000\040\000A\000N\000D\000\040\000M\000E\000T\000H\000O\000D\000O\000L\000O\000G\000Y}{}% 5
\BOOKMARK [1][-]{section.2.1}{\376\377\000S\000o\000f\000t\000w\000a\000r\000e\000\040\000R\000e\000q\000u\000i\000r\000e\000m\000e\000n\000t\000s}{chapter.2}% 6
\BOOKMARK [1][-]{section.2.2}{\376\377\000H\000a\000r\000d\000w\000a\000r\000e\000\040\000R\000e\000q\000u\000i\000r\000e\000m\000e\000n\000t\000s}{chapter.2}% 7
\BOOKMARK [1][-]{section.2.3}{\376\377\000I\000n\000d\000u\000c\000t\000i\000o\000n\000\040\000M\000o\000t\000o\000r}{chapter.2}% 8
\BOOKMARK [1][-]{section.2.4}{\376\377\000A\000r\000d\000u\000i\000n\000o\000\040\000U\000N\000O}{chapter.2}% 9
\BOOKMARK [1][-]{section.2.5}{\376\377\000C\000o\000n\000d\000i\000t\000i\000o\000n\000a\000l\000\040\000M\000o\000n\000i\000t\000o\000r\000i\000n\000g\000\040\000S\000e\000n\000s\000o\000r}{chapter.2}% 10
\BOOKMARK [2][-]{subsection.2.5.1}{\376\377\000V\000o\000l\000t\000a\000g\000e\000\040\000T\000r\000a\000n\000s\000f\000o\000r\000m\000e\000r}{section.2.5}% 11
\BOOKMARK [1][-]{section.2.6}{\376\377\000C\000u\000r\000r\000e\000n\000t\000\040\000T\000r\000a\000n\000s\000f\000o\000r\000m\000e\000r}{chapter.2}% 12
\BOOKMARK [2][-]{subsection.2.6.1}{\376\377\000I\000R\000\040\000S\000e\000n\000s\000o\000r\000\040\000M\000o\000d\000u\000l\000e}{section.2.6}% 13
\BOOKMARK [2][-]{subsection.2.6.2}{\376\377\000S\000p\000e\000e\000d\000\040\000C\000o\000n\000t\000r\000o\000l\000l\000i\000n\000g\000\040\000D\000e\000v\000i\000c\000e}{section.2.6}% 14
\BOOKMARK [2][-]{subsection.2.6.3}{\376\377\000L\000C\000D\000\040\000D\000i\000s\000p\000l\000a\000y}{section.2.6}% 15
\BOOKMARK [2][-]{subsection.2.6.4}{\376\377\000E\000S\000P\0008\0002\0006\0006}{section.2.6}% 16
\BOOKMARK [1][-]{section.2.7}{\376\377\000B\000l\000o\000c\000k\000\040\000D\000i\000a\000g\000r\000a\000m}{chapter.2}% 17
\BOOKMARK [1][-]{section.2.8}{\376\377\000M\000e\000t\000h\000o\000d}{chapter.2}% 18
\BOOKMARK [0][-]{chapter.3}{\376\377\000R\000E\000S\000U\000L\000T\000S}{}% 19
\BOOKMARK [0][-]{chapter.4}{\376\377\000C\000O\000N\000C\000L\000U\000S\000I\000O\000N\000\040\000A\000N\000D\000\040\000S\000C\000O\000P\000E\000\040\000O\000F\000\040\000F\000U\000T\000U\000R\000E\000\040\000W\000O\000R\000K}{}% 20
